{"total": {"lines":{"total":144,"covered":140,"skipped":0,"pct":97.22},"statements":{"total":153,"covered":146,"skipped":0,"pct":95.42},"functions":{"total":26,"covered":23,"skipped":0,"pct":88.46},"branches":{"total":53,"covered":48,"skipped":0,"pct":90.56},"branchesTrue":{"total":0,"covered":0,"skipped":0,"pct":100}}
,"/Users/daniellopezb2/Documents/Personal/actividad4/backend/server.js": {"lines":{"total":24,"covered":20,"skipped":0,"pct":83.33},"functions":{"total":4,"covered":1,"skipped":0,"pct":25},"statements":{"total":28,"covered":21,"skipped":0,"pct":75},"branches":{"total":6,"covered":2,"skipped":0,"pct":33.33}}
,"/Users/daniellopezb2/Documents/Personal/actividad4/backend/src/controllers/authController.js": {"lines":{"total":30,"covered":30,"skipped":0,"pct":100},"functions":{"total":4,"covered":4,"skipped":0,"pct":100},"statements":{"total":30,"covered":30,"skipped":0,"pct":100},"branches":{"total":19,"covered":18,"skipped":0,"pct":94.73}}
,"/Users/daniellopezb2/Documents/Personal/actividad4/backend/src/controllers/habitController.js": {"lines":{"total":29,"covered":29,"skipped":0,"pct":100},"functions":{"total":4,"covered":4,"skipped":0,"pct":100},"statements":{"total":31,"covered":31,"skipped":0,"pct":100},"branches":{"total":14,"covered":14,"skipped":0,"pct":100}}
,"/Users/daniellopezb2/Documents/Personal/actividad4/backend/src/middleware/auth.js": {"lines":{"total":16,"covered":16,"skipped":0,"pct":100},"functions":{"total":1,"covered":1,"skipped":0,"pct":100},"statements":{"total":16,"covered":16,"skipped":0,"pct":100},"branches":{"total":6,"covered":6,"skipped":0,"pct":100}}
,"/Users/daniellopezb2/Documents/Personal/actividad4/backend/src/models/Habit.js": {"lines":{"total":17,"covered":17,"skipped":0,"pct":100},"functions":{"total":9,"covered":9,"skipped":0,"pct":100},"statements":{"total":20,"covered":20,"skipped":0,"pct":100},"branches":{"total":8,"covered":8,"skipped":0,"pct":100}}
,"/Users/daniellopezb2/Documents/Personal/actividad4/backend/src/models/User.js": {"lines":{"total":10,"covered":10,"skipped":0,"pct":100},"functions":{"total":4,"covered":4,"skipped":0,"pct":100},"statements":{"total":10,"covered":10,"skipped":0,"pct":100},"branches":{"total":0,"covered":0,"skipped":0,"pct":100}}
,"/Users/daniellopezb2/Documents/Personal/actividad4/backend/src/routes/auth.js": {"lines":{"total":8,"covered":8,"skipped":0,"pct":100},"functions":{"total":0,"covered":0,"skipped":0,"pct":100},"statements":{"total":8,"covered":8,"skipped":0,"pct":100},"branches":{"total":0,"covered":0,"skipped":0,"pct":100}}
,"/Users/daniellopezb2/Documents/Personal/actividad4/backend/src/routes/habits.js": {"lines":{"total":10,"covered":10,"skipped":0,"pct":100},"functions":{"total":0,"covered":0,"skipped":0,"pct":100},"statements":{"total":10,"covered":10,"skipped":0,"pct":100},"branches":{"total":0,"covered":0,"skipped":0,"pct":100}}
}
