TN:
SF:server.js
FN:42,(anonymous_0)
FN:44,(anonymous_1)
FN:51,(anonymous_2)
FN:61,oo_cm
FNF:4
FNH:1
FNDA:1,(anonymous_0)
FNDA:0,(anonymous_1)
FNDA:0,(anonymous_2)
FNDA:0,oo_cm
DA:1,3
DA:2,3
DA:3,3
DA:4,3
DA:5,3
DA:7,3
DA:9,3
DA:10,3
DA:12,3
DA:14,3
DA:20,3
DA:22,3
DA:39,3
DA:40,3
DA:41,3
DA:42,3
DA:44,3
DA:45,0
DA:46,0
DA:49,3
DA:50,3
DA:51,0
DA:54,3
DA:61,0
LF:24
LH:20
BRDA:49,0,0,3
BRDA:49,0,1,0
BRDA:50,1,0,0
BRDA:50,1,1,3
BRDA:61,2,0,0
BRDA:61,2,1,0
BRF:6
BRH:2
end_of_record
TN:
SF:src/controllers/authController.js
FN:4,(anonymous_0)
FN:30,(anonymous_1)
FN:74,(anonymous_2)
FN:105,(anonymous_3)
FNF:4
FNH:4
FNDA:7,(anonymous_0)
FNDA:12,(anonymous_1)
FNDA:8,(anonymous_2)
FNDA:2,(anonymous_3)
DA:1,4
DA:2,4
DA:4,4
DA:5,7
DA:30,4
DA:31,12
DA:33,12
DA:34,2
DA:36,10
DA:37,2
DA:40,8
DA:41,8
DA:42,5
DA:43,5
DA:45,3
DA:46,2
DA:48,1
DA:74,4
DA:75,8
DA:77,8
DA:78,2
DA:81,6
DA:82,6
DA:83,4
DA:86,2
DA:87,2
DA:88,2
DA:105,4
DA:106,2
DA:109,4
LF:30
LH:30
BRDA:5,0,0,7
BRDA:5,0,1,0
BRDA:33,1,0,2
BRDA:33,1,1,10
BRDA:33,2,0,12
BRDA:33,2,1,12
BRDA:33,2,2,10
BRDA:36,3,0,2
BRDA:36,3,1,8
BRDA:45,4,0,2
BRDA:45,4,1,1
BRDA:77,5,0,2
BRDA:77,5,1,6
BRDA:77,6,0,8
BRDA:77,6,1,8
BRDA:82,7,0,4
BRDA:82,7,1,2
BRDA:82,8,0,6
BRDA:82,8,1,4
BRF:19
BRH:18
end_of_record
TN:
SF:src/controllers/habitController.js
FN:15,(anonymous_0)
FN:45,(anonymous_1)
FN:91,(anonymous_2)
FN:120,(anonymous_3)
FNF:4
FNH:4
FNDA:5,(anonymous_0)
FNDA:8,(anonymous_1)
FNDA:7,(anonymous_2)
FNDA:7,(anonymous_3)
DA:1,4
DA:15,4
DA:16,5
DA:17,5
DA:45,4
DA:46,8
DA:48,8
DA:49,2
DA:52,6
DA:53,6
DA:61,3
DA:63,3
DA:64,2
DA:66,1
DA:91,4
DA:92,7
DA:94,7
DA:95,5
DA:96,2
DA:99,3
DA:100,3
DA:120,4
DA:121,7
DA:123,7
DA:124,5
DA:125,2
DA:128,3
DA:129,3
DA:132,4
LF:29
LH:29
BRDA:48,0,0,2
BRDA:48,0,1,6
BRDA:48,1,0,8
BRDA:48,1,1,8
BRDA:63,2,0,2
BRDA:63,2,1,1
BRDA:94,3,0,2
BRDA:94,3,1,5
BRDA:95,4,0,2
BRDA:95,4,1,3
BRDA:123,5,0,2
BRDA:123,5,1,5
BRDA:124,6,0,2
BRDA:124,6,1,3
BRF:14
BRH:14
end_of_record
TN:
SF:src/middleware/auth.js
FN:4,(anonymous_0)
FNF:1
FNH:1
FNDA:24,(anonymous_0)
DA:1,4
DA:2,4
DA:4,4
DA:5,24
DA:7,24
DA:8,4
DA:11,20
DA:13,20
DA:14,20
DA:15,18
DA:17,18
DA:18,1
DA:21,17
DA:22,17
DA:24,2
DA:28,4
LF:16
LH:16
BRDA:7,0,0,4
BRDA:7,0,1,20
BRDA:7,1,0,24
BRDA:7,1,1,21
BRDA:17,2,0,1
BRDA:17,2,1,17
BRF:6
BRH:6
end_of_record
TN:
SF:src/models/Habit.js
FN:4,(anonymous_0)
FN:10,(anonymous_1)
FN:14,(anonymous_2)
FN:24,(anonymous_3)
FN:27,(anonymous_4)
FN:28,(anonymous_5)
FN:29,(anonymous_6)
FN:29,(anonymous_7)
FN:38,(anonymous_8)
FNF:9
FNH:9
FNDA:7,(anonymous_0)
FNDA:35,(anonymous_1)
FNDA:22,(anonymous_2)
FNDA:5,(anonymous_3)
FNDA:25,(anonymous_4)
FNDA:6,(anonymous_5)
FNDA:25,(anonymous_6)
FNDA:6,(anonymous_7)
FNDA:5,(anonymous_8)
DA:1,4
DA:3,4
DA:5,7
DA:11,35
DA:15,22
DA:21,19
DA:25,5
DA:26,5
DA:27,25
DA:28,6
DA:29,25
DA:31,5
DA:33,4
DA:34,4
DA:35,4
DA:39,5
DA:43,4
LF:17
LH:17
BRDA:20,0,0,22
BRDA:20,0,1,22
BRDA:20,1,0,22
BRDA:20,1,1,19
BRDA:20,2,0,22
BRDA:20,2,1,20
BRDA:31,3,0,1
BRDA:31,3,1,4
BRF:8
BRH:8
end_of_record
TN:
SF:src/models/User.js
FN:5,(anonymous_0)
FN:9,(anonymous_1)
FN:13,(anonymous_2)
FN:21,(anonymous_3)
FNF:4
FNH:4
FNDA:6,(anonymous_0)
FNDA:33,(anonymous_1)
FNDA:17,(anonymous_2)
FNDA:4,(anonymous_3)
DA:1,5
DA:2,5
DA:4,5
DA:6,6
DA:10,33
DA:14,17
DA:15,17
DA:18,15
DA:22,4
DA:26,5
LF:10
LH:10
BRF:0
BRH:0
end_of_record
TN:
SF:src/routes/auth.js
FNF:0
FNH:0
DA:1,3
DA:2,3
DA:3,3
DA:5,3
DA:7,3
DA:8,3
DA:9,3
DA:11,3
LF:8
LH:8
BRF:0
BRH:0
end_of_record
TN:
SF:src/routes/habits.js
FNF:0
FNH:0
DA:1,3
DA:2,3
DA:3,3
DA:5,3
DA:7,3
DA:9,3
DA:10,3
DA:11,3
DA:12,3
DA:14,3
LF:10
LH:10
BRF:0
BRH:0
end_of_record
